Arguments: 
  C:\Program Files\nodejs\node.exe C:\Users\nicol\AppData\Roaming\npm\node_modules\yarn\bin\yarn.js add bcryptjs express cors dotenv express-validator jsonwebtoken mongoose

PATH: 
  C:\ProgramData\Oracle\Java\javapath;C:\Windows\system32;C:\Windows;C:\Windows\System32\Wbem;C:\Windows\System32\WindowsPowerShell\v1.0\;C:\Windows\System32\OpenSSH\;C:\Program Files\NVIDIA Corporation\NVIDIA NvDLISR;C:\Program Files (x86)\NVIDIA Corporation\PhysX\Common;C:\Program Files\nodejs\;C:\Program Files\Git\cmd;C:\ProgramData\chocolatey\bin;C:\Program Files\OpenJDK\openjdk-8u302-b08\bin;D:\Software\Android\AndroidSDK\platform-tools;C:\Program Files\dotnet\;C:\Users\nicol\AppData\Local\Microsoft\WindowsApps;D:\Software\YoutubeDL;C:\Users\nicol\AppData\Local\Programs\Microsoft VS Code\bin;C:\Users\nicol\AppData\Roaming\npm;C:\Users\nicol\.dotnet\tools;Downloads

Yarn version: 
  1.22.15

Node version: 
  14.18.0

Platform: 
  win32 x64

Trace: 
  SyntaxError: C:\Users\nicol\Documents\EAD - SM\Sel Et Poivre\backend\package.json: Unexpected token } in JSON at position 127
      at JSON.parse (<anonymous>)
      at C:\Users\nicol\AppData\Roaming\npm\node_modules\yarn\lib\cli.js:1625:59
      at Generator.next (<anonymous>)
      at step (C:\Users\nicol\AppData\Roaming\npm\node_modules\yarn\lib\cli.js:310:30)
      at C:\Users\nicol\AppData\Roaming\npm\node_modules\yarn\lib\cli.js:321:13

npm manifest: 
  {
    "name": "seletpoivre-backend",
    "version": "0.1",
    "main": "index.js",
    "author": "nicolasperussi",
    "license": "MIT",
  }

yarn manifest: 
  No manifest

Lockfile: 
  No lockfile
